<html>
<body>
<pre>
<h1>Vision Build Log</h1>
<h2>Project:</h2>
G:\QGStudio\Project\BlindTravelEquipment\codes\WalkingStick\codes\Project\RVMDK（uv4）\iSO-STM32.uvprojx
Project File Date:  08/17/2018

<h2>Output:</h2>
Build target '智能拐杖'
compiling main.c...
linking...
Program Size: Code=22320 RO-data=792 RW-data=144 ZI-data=1544  
FromELF: creating hex file...
"..\..\Output\Template.axf" - 0 Error(s), 0 Warning(s).

<h2>Software Packages used:</h2>

Package Vendor: ARM
                http://www.keil.com/pack/ARM.CMSIS.4.1.0.pack
                ARM::CMSIS:CORE:3.30.0
                CMSIS (Cortex Microcontroller Software Interface Standard)
   * Component: CORE Version: 3.30.0

<h2>Collection of Component include folders:</h2>
  G:\QGStudio\Project\BlindTravelEquipment\codes\WalkingStick\codes\Project\RVMDK（uv4）\RTE
  G:\software\keil5\ARM\PACK\ARM\CMSIS\4.1.0\CMSIS\Include
  G:\software\keil5\ARM\PACK\Keil\STM32F1xx_DFP\2.0.0

<h2>Collection of Component Files used:</h2>

   * Component: ARM::CMSIS:CORE:3.30.0
      Source file:   CMSIS\UserCodeTemplates\ARM\ITM_Retarget.c
</pre>
</body>
</html>
 here after previous syntax error
                        my_printf("running\r\n");
..\..\User\main.c(93): error:  #29: expected an expression
  =======
..\..\User\main.c(99): warning:  #12-D: parsing restarts here after previous syntax error
          my_printf("running ");                
..\..\User\main.c(100): error:  #29: expected an expression
  >>>>>>> 1ee2598d05d545fb42750256911a874c690ded5f
..\..\User\main.c(100): error:  #166: invalid floating constant
  >>>>>>> 1ee2598d05d545fb42750256911a874c690ded5f
..\..\User\main.c(102): error:  #65: expected a ";"
        }
..\..\User\main.c: 2 warnings, 5 errors
compiling stm32f10x_it.c...
..\..\User\stm32f10x_it.c(180): warning:  #550-D: variable "lo" was set but never used
        float lo, la;                   //存放GPS数据
..\..\User\stm32f10x_it.c(180): warning:  #550-D: variable "la" was set but never used
        float lo, la;                   //存放GPS数据
..\..\User\stm32f10x_it.c: 2 warnings, 0 errors
compiling bsp_SysTick.c...
compiling bsp_usart.c...
compiling debug.c...
compiling context.c...
compiling generate.c...
compiling generator.c...
compiling gmath.c...
..\..\User\nmea_decode\src\gmath.c(166): warning:  #550-D: variable "tan_sigma" was set but never used
          double tmp1, tmp2, tan_sigma, sin_alpha, cos_alpha, C, lambda_prev; 
..\..\User\nmea_decode\src\gmath.c(264): warning:  #550-D: variable "tan_sigma1" was set but never used
      double tan_sigma1, sigma1, sin_alpha, cos_alpha, sqr_cos_alpha, sqr_u, A, B;
..\..\User\nmea_decode\src\gmath.c(264): warning:  #550-D: variable "cos_alpha" was set but never used
      double tan_sigma1, sigma1, sin_alpha, cos_alpha, sqr_cos_alpha, sqr_u, A, B;
..\..\User\nmea_decode\src\gmath.c: 3 warnings, 0 errors
compiling info.c...
compiling parse.c...
compiling parser.c...
compiling tok.c...
compiling time.c...
compiling sentence.c...
compiling UltrasonicWave.c...
compiling bsp_delay.c...
compiling waveConfig.c...
compiling bsp_angle.c...
compiling bsp_exti.c...
compiling gps.c...
..\..\User\gps\gps.c(76): warning:  #223-D: function "my_printf" declared implicitly
                my_printf("ERROR%d\r\n",num);
..\..\User\gps\gps.c(89): warning:  #223-D: function "my_printf" declared implicitly
                my_printf("**************\r\n");
..\..\User\gps\gps.c(171): warning:  #223-D: function "my_printf" declared implicitly
                        my_printf("GPS DATA is not usefull!\r\n");
..\..\User\gps\gps.c: 3 warnings, 0 errors
compiling gprs.c...
..\..\User\GPRS\gprs.c(298): warning:  #223-D: function "my_printf" declared implicitly
        my_printf("GPRS传输help功能启动.......................\r\n");
..\..\User\GPRS\gprs.c(295): warning:  #177-D: variable "i" was declared but never referenced
        u8  i;
..\..\User\GPRS\gprs.c(327): warning:  #223-D: function "my_printf" declared implicitly
        my_printf("GPRS传输坐标功能启动.......................\r\n");
..\..\User\GPRS\gprs.c(323): warning:  #177-D: variable "i" was declared but never referenced
        u8  i;
..\..\User\GPRS\gprs.c: 4 warnings, 0 errors
compiling timer.c...
compiling bsp_usart4.c...
"..\..\Output\Template.axf" - 5 Error(s), 14 Warning(s).

<h2>Software Packages used:</h2>

Package Vendor: ARM
                http://www.keil.com/pack/ARM.CMSIS.4.1.0.pack
                ARM::CMSIS:CORE:3.30.0
                CMSIS (Cortex Microcontroller Software Interface Standard)
   * Component: CORE Version: 3.30.0

<h2>Collection of Component include folders:</h2>
  G:\QGStudio\Project\BlindTravelEquipment\codes\WalkingStick\codes\Project\RVMDK（uv4）\RTE
  G:\software\keil5\ARM\PACK\ARM\CMSIS\4.1.0\CMSIS\Include
  G:\software\keil5\ARM\PACK\Keil\STM32F1xx_DFP\2.0.0

<h2>Collection of Component Files used:</h2>

   * Component: ARM::CMSIS:CORE:3.30.0
      Source file:   CMSIS\UserCodeTemplates\ARM\ITM_Retarget.c
Target not created
